D:\C++项目\APPSOCKET服务端\DEBUG\SOCKET服务端.EXE
D:\C++项目\APPSOCKET服务端\DEBUG\SOCKET服务端.PDB
D:\C++项目\APPsocket服务端\socket服务端\Debug\cl.command.1.tlog
D:\C++项目\APPsocket服务端\socket服务端\Debug\CL.read.1.tlog
D:\C++项目\APPsocket服务端\socket服务端\Debug\CL.write.1.tlog
D:\C++项目\APPSOCKET服务端\SOCKET服务端\DEBUG\JSON_READER.OBJ
D:\C++项目\APPSOCKET服务端\SOCKET服务端\DEBUG\JSON_VALUE.OBJ
D:\C++项目\APPSOCKET服务端\SOCKET服务端\DEBUG\JSON_WRITER.OBJ
D:\C++项目\APPsocket服务端\socket服务端\Debug\link.command.1.tlog
D:\C++项目\APPsocket服务端\socket服务端\Debug\link.read.1.tlog
D:\C++项目\APPsocket服务端\socket服务端\Debug\link.write.1.tlog
D:\C++项目\APPSOCKET服务端\SOCKET服务端\DEBUG\MSQLSAVE.OBJ
D:\C++项目\APPSOCKET服务端\SOCKET服务端\DEBUG\MYLIST.OBJ
D:\C++项目\APPSOCKET服务端\SOCKET服务端\DEBUG\MYMUTEX.OBJ
D:\C++项目\APPSOCKET服务端\SOCKET服务端\DEBUG\MYQUEUE.OBJ
D:\C++项目\APPSOCKET服务端\SOCKET服务端\DEBUG\MYSTACK.OBJ
D:\C++项目\APPSOCKET服务端\SOCKET服务端\DEBUG\MYTHREAD.OBJ
D:\C++项目\APPSOCKET服务端\SOCKET服务端\DEBUG\MYTHREADPOOL.OBJ
D:\C++项目\APPSOCKET服务端\SOCKET服务端\DEBUG\RECAPP.OBJ
D:\C++项目\APPSOCKET服务端\SOCKET服务端\DEBUG\SAVEQUEUE.OBJ
D:\C++项目\APPSOCKET服务端\SOCKET服务端\DEBUG\SOCKETAPP.OBJ
D:\C++项目\APPSOCKET服务端\SOCKET服务端\DEBUG\SOCKETTCP.OBJ
D:\C++项目\APPSOCKET服务端\SOCKET服务端\DEBUG\SOCKET服务端.OBJ
D:\C++项目\APPSOCKET服务端\SOCKET服务端\DEBUG\SOCKET服务端.PCH
D:\C++项目\APPsocket服务端\socket服务端\Debug\socket服务端.write.1.tlog
D:\C++项目\APPSOCKET服务端\SOCKET服务端\DEBUG\STDAFX.OBJ
D:\C++项目\APPSOCKET服务端\SOCKET服务端\DEBUG\TASK.OBJ
D:\C++项目\APPSOCKET服务端\SOCKET服务端\DEBUG\TESTTASK.OBJ
D:\C++项目\APPsocket服务端\socket服务端\Debug\vc100.idb
D:\C++项目\APPSOCKET服务端\SOCKET服务端\DEBUG\VC100.PDB
