D:\C++项目\APPSOCKET服务端\RELEASE\SOCKET服务端.EXE
D:\C++项目\APPSOCKET服务端\RELEASE\SOCKET服务端.PDB
D:\C++项目\APPsocket服务端\socket服务端\Release\cl.command.1.tlog
D:\C++项目\APPsocket服务端\socket服务端\Release\CL.read.1.tlog
D:\C++项目\APPsocket服务端\socket服务端\Release\CL.write.1.tlog
D:\C++项目\APPSOCKET服务端\SOCKET服务端\RELEASE\JSON_READER.OBJ
D:\C++项目\APPSOCKET服务端\SOCKET服务端\RELEASE\JSON_VALUE.OBJ
D:\C++项目\APPSOCKET服务端\SOCKET服务端\RELEASE\JSON_WRITER.OBJ
D:\C++项目\APPsocket服务端\socket服务端\Release\link.command.1.tlog
D:\C++项目\APPsocket服务端\socket服务端\Release\link.read.1.tlog
D:\C++项目\APPsocket服务端\socket服务端\Release\link.write.1.tlog
D:\C++项目\APPSOCKET服务端\SOCKET服务端\RELEASE\MSQLSAVE.OBJ
D:\C++项目\APPsocket服务端\socket服务端\Release\mt.command.1.tlog
D:\C++项目\APPsocket服务端\socket服务端\Release\mt.read.1.tlog
D:\C++项目\APPsocket服务端\socket服务端\Release\mt.write.1.tlog
D:\C++项目\APPSOCKET服务端\SOCKET服务端\RELEASE\MYLIST.OBJ
D:\C++项目\APPSOCKET服务端\SOCKET服务端\RELEASE\MYMUTEX.OBJ
D:\C++项目\APPSOCKET服务端\SOCKET服务端\RELEASE\MYQUEUE.OBJ
D:\C++项目\APPSOCKET服务端\SOCKET服务端\RELEASE\MYSTACK.OBJ
D:\C++项目\APPSOCKET服务端\SOCKET服务端\RELEASE\MYTHREAD.OBJ
D:\C++项目\APPSOCKET服务端\SOCKET服务端\RELEASE\MYTHREADPOOL.OBJ
D:\C++项目\APPSOCKET服务端\SOCKET服务端\RELEASE\RECAPP.OBJ
D:\C++项目\APPSOCKET服务端\SOCKET服务端\RELEASE\SAVEQUEUE.OBJ
D:\C++项目\APPSOCKET服务端\SOCKET服务端\RELEASE\SOCKETAPP.OBJ
D:\C++项目\APPSOCKET服务端\SOCKET服务端\RELEASE\SOCKETTCP.OBJ
D:\C++项目\APPSOCKET服务端\SOCKET服务端\RELEASE\SOCKET服务端.EXE.INTERMEDIATE.MANIFEST
D:\C++项目\APPSOCKET服务端\SOCKET服务端\RELEASE\SOCKET服务端.OBJ
D:\C++项目\APPSOCKET服务端\SOCKET服务端\RELEASE\SOCKET服务端.PCH
D:\C++项目\APPsocket服务端\socket服务端\Release\socket服务端.write.1.tlog
D:\C++项目\APPSOCKET服务端\SOCKET服务端\RELEASE\STDAFX.OBJ
D:\C++项目\APPSOCKET服务端\SOCKET服务端\RELEASE\TASK.OBJ
D:\C++项目\APPSOCKET服务端\SOCKET服务端\RELEASE\TESTTASK.OBJ
D:\C++项目\APPSOCKET服务端\SOCKET服务端\RELEASE\VC100.PDB
